[INFO] Scanning for projects...
[INFO] 
[INFO] --------------------< com.wecaare:insurance-portal >--------------------
[INFO] Building WeCare Insurance Portal 1.0.0
[INFO]   from pom.xml
[INFO] --------------------------------[ jar ]---------------------------------
[INFO] 
[INFO] --- clean:3.3.2:clean (default-clean) @ insurance-portal ---
[INFO] Deleting /Users/akshayvanil/Desktop/wecaare/backend/target
[INFO] 
[INFO] --- resources:3.3.1:resources (default-resources) @ insurance-portal ---
[INFO] Copying 1 resource from src/main/resources to target/classes
[INFO] Copying 0 resource from src/main/resources to target/classes
[INFO] 
[INFO] --- compiler:3.11.0:compile (default-compile) @ insurance-portal ---
[INFO] Changes detected - recompiling the module! :source
[INFO] Compiling 28 source files with javac [debug release 17] to target/classes
[INFO] Annotation processing is enabled because one or more processors were found
  on the class path. A future release of javac may disable annotation processing
  unless at least one processor is specified by name (-processor), or a search
  path is specified (--processor-path, --processor-module-path), or annotation
  processing is enabled explicitly (-proc:only, -proc:full).
  Use -Xlint:-options to suppress this message.
  Use -proc:none to disable annotation processing.
[INFO] 
[INFO] --- resources:3.3.1:testResources (default-testResources) @ insurance-portal ---
[INFO] skip non existing resourceDirectory /Users/akshayvanil/Desktop/wecaare/backend/src/test/resources
[INFO] 
[INFO] --- compiler:3.11.0:testCompile (default-testCompile) @ insurance-portal ---
[INFO] No sources to compile
[INFO] 
[INFO] --- surefire:3.1.2:test (default-test) @ insurance-portal ---
[INFO] Tests are skipped.
[INFO] 
[INFO] --- jar:3.3.0:jar (default-jar) @ insurance-portal ---
[INFO] Building jar: /Users/akshayvanil/Desktop/wecaare/backend/target/insurance-portal-1.0.0.jar
[INFO] 
[INFO] --- spring-boot:3.2.0:repackage (repackage) @ insurance-portal ---
[INFO] Replacing main artifact /Users/akshayvanil/Desktop/wecaare/backend/target/insurance-portal-1.0.0.jar with repackaged archive, adding nested dependencies in BOOT-INF/.
[INFO] The original artifact has been renamed to /Users/akshayvanil/Desktop/wecaare/backend/target/insurance-portal-1.0.0.jar.original
[INFO] ------------------------------------------------------------------------
[INFO] BUILD SUCCESS
[INFO] ------------------------------------------------------------------------
[INFO] Total time:  1.965 s
[INFO] Finished at: 2025-10-24T21:16:26+05:30
[INFO] ------------------------------------------------------------------------
